0 info it worked if it ends with ok
1 verbose cli [ 'node', '/usr/local/bin/npm', 'install', '-g', 'n' ]
2 info using npm@1.4.28
3 info using node@v0.10.33
4 verbose cache add [ 'n', null ]
5 verbose cache add name=undefined spec="n" args=["n",null]
6 verbose parsed url { protocol: null,
6 verbose parsed url   slashes: null,
6 verbose parsed url   auth: null,
6 verbose parsed url   host: null,
6 verbose parsed url   port: null,
6 verbose parsed url   hostname: null,
6 verbose parsed url   hash: null,
6 verbose parsed url   search: null,
6 verbose parsed url   query: null,
6 verbose parsed url   pathname: 'n',
6 verbose parsed url   path: 'n',
6 verbose parsed url   href: 'n' }
7 silly lockFile d1854cae-n n
8 verbose lock n /Users/mapsam/.npm/d1854cae-n.lock
9 silly lockFile d1854cae-n n
10 silly lockFile d1854cae-n n
11 verbose addNamed [ 'n', '' ]
12 verbose addNamed [ null, '*' ]
13 silly lockFile 6b58d7dc-n n@
14 verbose lock n@ /Users/mapsam/.npm/6b58d7dc-n.lock
15 silly addNameRange { name: 'n', range: '*', hasData: false }
16 verbose request where is /n
17 verbose request registry https://registry.npmjs.org/
18 verbose request id 44adc17cb634f4a8
19 verbose url raw /n
20 verbose url resolving [ 'https://registry.npmjs.org/', './n' ]
21 verbose url resolved https://registry.npmjs.org/n
22 verbose request where is https://registry.npmjs.org/n
23 info trying registry request attempt 1 at 14:26:04
24 http GET https://registry.npmjs.org/n
25 http 200 https://registry.npmjs.org/n
26 silly registry.get cb [ 200,
26 silly registry.get   { server: 'CouchDB/1.5.0 (Erlang OTP/R16B03)',
26 silly registry.get     etag: '"5WYWMTAY46Q2I0Q69W1B0Q56R"',
26 silly registry.get     'content-type': 'application/json',
26 silly registry.get     'cache-control': 'max-age=60',
26 silly registry.get     'content-length': '41890',
26 silly registry.get     'accept-ranges': 'bytes',
26 silly registry.get     date: 'Thu, 18 Jun 2015 21:26:01 GMT',
26 silly registry.get     via: '1.1 varnish',
26 silly registry.get     age: '0',
26 silly registry.get     connection: 'keep-alive',
26 silly registry.get     'x-served-by': 'cache-lax1432-LAX',
26 silly registry.get     'x-cache': 'HIT',
26 silly registry.get     'x-cache-hits': '1',
26 silly registry.get     'x-timer': 'S1434662761.352970,VS0,VE83',
26 silly registry.get     vary: 'Accept' } ]
27 silly addNameRange number 2 { name: 'n', range: '*', hasData: true }
28 silly addNameRange versions [ 'n',
28 silly addNameRange   [ '0.0.1',
28 silly addNameRange     '0.0.2',
28 silly addNameRange     '0.0.3',
28 silly addNameRange     '0.0.4',
28 silly addNameRange     '0.1.0',
28 silly addNameRange     '0.1.1',
28 silly addNameRange     '0.1.2',
28 silly addNameRange     '0.2.0',
28 silly addNameRange     '0.2.1',
28 silly addNameRange     '0.2.2',
28 silly addNameRange     '0.3.0',
28 silly addNameRange     '0.4.0',
28 silly addNameRange     '0.4.1',
28 silly addNameRange     '0.4.2',
28 silly addNameRange     '0.5.0',
28 silly addNameRange     '0.5.1',
28 silly addNameRange     '0.5.2',
28 silly addNameRange     '0.5.3',
28 silly addNameRange     '0.5.4',
28 silly addNameRange     '0.6.0',
28 silly addNameRange     '0.6.1',
28 silly addNameRange     '0.7.0',
28 silly addNameRange     '0.7.1',
28 silly addNameRange     '0.7.2',
28 silly addNameRange     '0.7.3',
28 silly addNameRange     '0.8.0',
28 silly addNameRange     '0.8.1',
28 silly addNameRange     '0.8.2',
28 silly addNameRange     '0.9.0',
28 silly addNameRange     '0.9.1',
28 silly addNameRange     '0.9.2',
28 silly addNameRange     '0.9.3',
28 silly addNameRange     '1.0.0',
28 silly addNameRange     '1.1.0',
28 silly addNameRange     '1.2.1',
28 silly addNameRange     '1.2.2',
28 silly addNameRange     '1.2.3',
28 silly addNameRange     '1.2.4',
28 silly addNameRange     '1.2.5',
28 silly addNameRange     '1.2.6',
28 silly addNameRange     '1.2.7',
28 silly addNameRange     '1.2.8',
28 silly addNameRange     '1.2.9',
28 silly addNameRange     '1.2.11',
28 silly addNameRange     '1.2.13',
28 silly addNameRange     '1.2.14',
28 silly addNameRange     '1.3.0' ] ]
29 verbose addNamed [ 'n', '1.3.0' ]
30 verbose addNamed [ '1.3.0', '1.3.0' ]
31 silly lockFile 3a747da7-n-1-3-0 n@1.3.0
32 verbose lock n@1.3.0 /Users/mapsam/.npm/3a747da7-n-1-3-0.lock
33 silly lockFile fae205cc-registry-npmjs-org-n-n-1-3-0-tgz https://registry.npmjs.org/n/-/n-1.3.0.tgz
34 verbose lock https://registry.npmjs.org/n/-/n-1.3.0.tgz /Users/mapsam/.npm/fae205cc-registry-npmjs-org-n-n-1-3-0-tgz.lock
35 verbose addRemoteTarball [ 'https://registry.npmjs.org/n/-/n-1.3.0.tgz',
35 verbose addRemoteTarball   '95afad80d2c73e89151efc0b4e6a8905cbb8ed2d' ]
36 info retry fetch attempt 1 at 14:26:05
37 verbose fetch to= /var/folders/s7/dhvfqhjs51g_w_lx61r70l300000gn/T/npm-11645-NIKsC2jS/registry.npmjs.org/n/-/n-1.3.0.tgz
38 http GET https://registry.npmjs.org/n/-/n-1.3.0.tgz
39 http 200 https://registry.npmjs.org/n/-/n-1.3.0.tgz
40 silly lockFile fae205cc-registry-npmjs-org-n-n-1-3-0-tgz https://registry.npmjs.org/n/-/n-1.3.0.tgz
41 silly lockFile fae205cc-registry-npmjs-org-n-n-1-3-0-tgz https://registry.npmjs.org/n/-/n-1.3.0.tgz
42 silly lockFile 3a747da7-n-1-3-0 n@1.3.0
43 silly lockFile 3a747da7-n-1-3-0 n@1.3.0
44 silly lockFile 6b58d7dc-n n@
45 silly lockFile 6b58d7dc-n n@
46 silly resolved [ { name: 'n',
46 silly resolved     description: 'node version manager',
46 silly resolved     version: '1.3.0',
46 silly resolved     author: { name: 'TJ Holowaychuk', email: 'tj@vision-media.ca' },
46 silly resolved     homepage: 'https://github.com/tj/n',
46 silly resolved     bugs: { url: 'https://github.com/tj/n/issues' },
46 silly resolved     contributors: [ [Object] ],
46 silly resolved     keywords:
46 silly resolved      [ 'nvm',
46 silly resolved        'node',
46 silly resolved        'version',
46 silly resolved        'manager',
46 silly resolved        'switcher',
46 silly resolved        'node',
46 silly resolved        'binary',
46 silly resolved        'env' ],
46 silly resolved     bin: { n: './bin/n' },
46 silly resolved     repository: { type: 'git', url: 'git://github.com/tj/n.git' },
46 silly resolved     preferGlobal: true,
46 silly resolved     os: [ '!win32' ],
46 silly resolved     engines: { node: '*' },
46 silly resolved     license: 'MIT',
46 silly resolved     gitHead: 'ab194b3b1ca8539b2b1f9f9755d1401a667d0a95',
46 silly resolved     _id: 'n@1.3.0',
46 silly resolved     scripts: {},
46 silly resolved     _shasum: '95afad80d2c73e89151efc0b4e6a8905cbb8ed2d',
46 silly resolved     _from: 'n@',
46 silly resolved     _npmVersion: '1.4.28',
46 silly resolved     _npmUser: { name: 'tjwebb', email: 'me@traviswebb.com' },
46 silly resolved     maintainers: [ [Object], [Object], [Object] ],
46 silly resolved     dist:
46 silly resolved      { shasum: '95afad80d2c73e89151efc0b4e6a8905cbb8ed2d',
46 silly resolved        tarball: 'http://registry.npmjs.org/n/-/n-1.3.0.tgz' },
46 silly resolved     directories: {},
46 silly resolved     _resolved: 'https://registry.npmjs.org/n/-/n-1.3.0.tgz' } ]
47 info install n@1.3.0 into /usr/local/lib
48 info installOne n@1.3.0
49 verbose lib/node_modules/n unbuild
50 verbose tar unpack /Users/mapsam/.npm/n/1.3.0/package.tgz
51 silly lockFile 9a5950d7-tar-usr-local-lib-node-modules-n tar:///usr/local/lib/node_modules/n
52 verbose lock tar:///usr/local/lib/node_modules/n /Users/mapsam/.npm/9a5950d7-tar-usr-local-lib-node-modules-n.lock
53 silly lockFile cc733fa5-s-mapsam-npm-n-1-3-0-package-tgz tar:///Users/mapsam/.npm/n/1.3.0/package.tgz
54 verbose lock tar:///Users/mapsam/.npm/n/1.3.0/package.tgz /Users/mapsam/.npm/cc733fa5-s-mapsam-npm-n-1-3-0-package-tgz.lock
55 silly gunzTarPerm modes [ '755', '644' ]
56 error Error: EACCES, mkdir '/usr/local/lib/node_modules/n'
56 error  { [Error: EACCES, mkdir '/usr/local/lib/node_modules/n']
56 error   errno: 3,
56 error   code: 'EACCES',
56 error   path: '/usr/local/lib/node_modules/n',
56 error   fstream_type: 'Directory',
56 error   fstream_path: '/usr/local/lib/node_modules/n',
56 error   fstream_class: 'DirWriter',
56 error   fstream_stack:
56 error    [ '/usr/local/lib/node_modules/npm/node_modules/fstream/lib/dir-writer.js:36:23',
56 error      '/usr/local/lib/node_modules/npm/node_modules/mkdirp/index.js:46:53',
56 error      'Object.oncomplete (fs.js:107:15)' ] }
57 error Please try running this command again as root/Administrator.
58 error System Darwin 14.3.0
59 error command "node" "/usr/local/bin/npm" "install" "-g" "n"
60 error cwd /Users/mapsam/github/geofont
61 error node -v v0.10.33
62 error npm -v 1.4.28
63 error path /usr/local/lib/node_modules/n
64 error fstream_path /usr/local/lib/node_modules/n
65 error fstream_type Directory
66 error fstream_class DirWriter
67 error code EACCES
68 error errno 3
69 error stack Error: EACCES, mkdir '/usr/local/lib/node_modules/n'
70 error fstream_stack /usr/local/lib/node_modules/npm/node_modules/fstream/lib/dir-writer.js:36:23
70 error fstream_stack /usr/local/lib/node_modules/npm/node_modules/mkdirp/index.js:46:53
70 error fstream_stack Object.oncomplete (fs.js:107:15)
71 verbose exit [ 3, true ]
